[0m09:51:03.289622 [debug] [MainThread]: Sending event: {'category': 'dbt', 'action': 'invocation', 'label': 'start', 'context': [<snowplow_tracker.self_describing_json.SelfDescribingJson object at 0x0000019B6F7076A0>, <snowplow_tracker.self_describing_json.SelfDescribingJson object at 0x0000019B709C0910>, <snowplow_tracker.self_describing_json.SelfDescribingJson object at 0x0000019B709C0E50>]}


============================== 09:51:03.300329 | af020a6f-e52d-4a04-a6ff-c64d98a1e6fc ==============================
[0m09:51:03.300329 [info ] [MainThread]: Running with dbt=1.11.6
[0m09:51:03.300329 [debug] [MainThread]: running dbt with arguments {'static_parser': 'True', 'no_print': 'None', 'version_check': 'True', 'warn_error_options': 'WarnErrorOptionsV2(error=[], warn=[], silence=[])', 'target_path': 'None', 'printer_width': '80', 'write_json': 'True', 'introspect': 'True', 'log_cache_events': 'False', 'empty': 'None', 'cache_selected_only': 'False', 'log_format': 'default', 'debug': 'False', 'fail_fast': 'False', 'profiles_dir': 'C:\\Users\\Alien\\.dbt', 'send_anonymous_usage_stats': 'True', 'quiet': 'False', 'warn_error': 'None', 'partial_parse': 'True', 'invocation_command': 'dbt debug', 'use_colors': 'True', 'indirect_selection': 'eager', 'use_experimental_parser': 'False', 'log_path': 'logs'}
[0m09:51:03.325920 [info ] [MainThread]: dbt version: 1.11.6
[0m09:51:03.325920 [info ] [MainThread]: python version: 3.10.11
[0m09:51:03.325920 [info ] [MainThread]: python path: C:\Users\Alien\AppData\Local\Programs\Python\Python310\python.exe
[0m09:51:03.325920 [info ] [MainThread]: os info: Windows-10-10.0.26200-SP0
[0m09:51:06.088610 [debug] [MainThread]: Snowflake adapter: Setting snowflake.connector to ERROR (file logging only)
[0m09:51:06.092098 [debug] [MainThread]: Snowflake adapter: Setting botocore to ERROR (file logging only)
[0m09:51:06.092950 [debug] [MainThread]: Snowflake adapter: Setting boto3 to ERROR (file logging only)
[0m09:51:06.225610 [info ] [MainThread]: Using profiles dir at C:\Users\Alien\.dbt
[0m09:51:06.225610 [info ] [MainThread]: Using profiles.yml file at C:\Users\Alien\.dbt\profiles.yml
[0m09:51:06.225610 [info ] [MainThread]: Using dbt_project.yml file at D:\snowflake-incremental-pipeline\dbt_project.yml
[0m09:51:06.225610 [info ] [MainThread]: adapter type: snowflake
[0m09:51:06.225610 [info ] [MainThread]: adapter version: 1.11.2
[0m09:51:06.225610 [info ] [MainThread]: Configuration:
[0m09:51:06.225610 [info ] [MainThread]:   profiles.yml file [[32mOK found and valid[0m]
[0m09:51:06.225610 [info ] [MainThread]:   dbt_project.yml file [[31mERROR not found[0m]
[0m09:51:06.225610 [info ] [MainThread]: Required dependencies:
[0m09:51:06.237044 [debug] [MainThread]: Executing "git --help"
[0m09:51:06.377833 [debug] [MainThread]: STDOUT: "b"usage: git [-v | --version] [-h | --help] [-C <path>] [-c <name>=<value>]\n           [--exec-path[=<path>]] [--html-path] [--man-path] [--info-path]\n           [-p | --paginate | -P | --no-pager] [--no-replace-objects] [--no-lazy-fetch]\n           [--no-optional-locks] [--no-advice] [--bare] [--git-dir=<path>]\n           [--work-tree=<path>] [--namespace=<name>] [--config-env=<name>=<envvar>]\n           <command> [<args>]\n\nThese are common Git commands used in various situations:\n\nstart a working area (see also: git help tutorial)\n   clone      Clone a repository into a new directory\n   init       Create an empty Git repository or reinitialize an existing one\n\nwork on the current change (see also: git help everyday)\n   add        Add file contents to the index\n   mv         Move or rename a file, a directory, or a symlink\n   restore    Restore working tree files\n   rm         Remove files from the working tree and from the index\n\nexamine the history and state (see also: git help revisions)\n   bisect     Use binary search to find the commit that introduced a bug\n   diff       Show changes between commits, commit and working tree, etc\n   grep       Print lines matching a pattern\n   log        Show commit logs\n   show       Show various types of objects\n   status     Show the working tree status\n\ngrow, mark and tweak your common history\n   backfill   Download missing objects in a partial clone\n   branch     List, create, or delete branches\n   commit     Record changes to the repository\n   merge      Join two or more development histories together\n   rebase     Reapply commits on top of another base tip\n   reset      Reset current HEAD to the specified state\n   switch     Switch branches\n   tag        Create, list, delete or verify tags\n\ncollaborate (see also: git help workflows)\n   fetch      Download objects and refs from another repository\n   pull       Fetch from and integrate with another repository or a local branch\n   push       Update remote refs along with associated objects\n\n'git help -a' and 'git help -g' list available subcommands and some\nconcept guides. See 'git help <command>' or 'git help <concept>'\nto read about a specific subcommand or concept.\nSee 'git help git' for an overview of the system.\n""
[0m09:51:06.377833 [debug] [MainThread]: STDERR: "b''"
[0m09:51:06.377833 [info ] [MainThread]:  - git [[32mOK found[0m]

[0m09:51:06.377833 [info ] [MainThread]: Connection:
[0m09:51:06.391607 [info ] [MainThread]:   account: qsnwhfd-ts32426
[0m09:51:06.396579 [info ] [MainThread]:   user: musmankkh456
[0m09:51:06.398427 [info ] [MainThread]:   database: DBT_DEV_DB
[0m09:51:06.398427 [info ] [MainThread]:   warehouse: DBT_WH
[0m09:51:06.398427 [info ] [MainThread]:   role: DBT_ROLE
[0m09:51:06.411273 [info ] [MainThread]:   schema: BRONZELAYER
[0m09:51:06.411273 [info ] [MainThread]:   authenticator: None
[0m09:51:06.411273 [info ] [MainThread]:   oauth_client_id: None
[0m09:51:06.411273 [info ] [MainThread]:   query_tag: None
[0m09:51:06.411273 [info ] [MainThread]:   client_session_keep_alive: False
[0m09:51:06.411273 [info ] [MainThread]:   host: None
[0m09:51:06.411273 [info ] [MainThread]:   port: None
[0m09:51:06.427002 [info ] [MainThread]:   proxy_host: None
[0m09:51:06.429023 [info ] [MainThread]:   proxy_port: None
[0m09:51:06.432728 [info ] [MainThread]:   protocol: None
[0m09:51:06.432728 [info ] [MainThread]:   connect_retries: 1
[0m09:51:06.432728 [info ] [MainThread]:   connect_timeout: None
[0m09:51:06.432728 [info ] [MainThread]:   retry_on_database_errors: False
[0m09:51:06.432728 [info ] [MainThread]:   retry_all: False
[0m09:51:06.440987 [info ] [MainThread]:   insecure_mode: False
[0m09:51:06.442453 [info ] [MainThread]:   reuse_connections: True
[0m09:51:06.443096 [info ] [MainThread]:   s3_stage_vpce_dns_name: None
[0m09:51:06.445621 [info ] [MainThread]:   platform_detection_timeout_seconds: 0.0
[0m09:51:06.445621 [info ] [MainThread]: Registered adapter: snowflake=1.11.2
[0m09:51:07.126197 [debug] [MainThread]: Acquiring new snowflake connection 'debug'
[0m09:51:07.325589 [debug] [MainThread]: Using snowflake connection "debug"
[0m09:51:07.325589 [debug] [MainThread]: On debug: select 1 as id
[0m09:51:07.325589 [debug] [MainThread]: Opening a new connection, currently in state init
[0m09:51:09.527147 [debug] [MainThread]: SQL status: SUCCESS 1 in 2.196 seconds
[0m09:51:09.527147 [info ] [MainThread]:   Connection test: [[32mOK connection ok[0m]

[0m09:51:09.534987 [info ] [MainThread]: [31m1 check failed:[0m
[0m09:51:09.538564 [info ] [MainThread]: Project loading failed for the following reason:
 project path <D:\snowflake-incremental-pipeline\dbt_project.yml> not found

[0m09:51:09.541959 [debug] [MainThread]: Command `dbt debug` failed at 09:51:09.541959 after 6.40 seconds
[0m09:51:09.545496 [debug] [MainThread]: Connection 'debug' was left open.
[0m09:51:09.545920 [debug] [MainThread]: On debug: Close
[0m09:51:09.775915 [debug] [MainThread]: Sending event: {'category': 'dbt', 'action': 'invocation', 'label': 'end', 'context': [<snowplow_tracker.self_describing_json.SelfDescribingJson object at 0x0000019B6F7076A0>, <snowplow_tracker.self_describing_json.SelfDescribingJson object at 0x0000019B709C2500>, <snowplow_tracker.self_describing_json.SelfDescribingJson object at 0x0000019B02F64BB0>]}
[0m09:51:09.775915 [debug] [MainThread]: Flushing usage events
[0m09:51:11.394419 [debug] [MainThread]: An error was encountered while trying to flush usage events
[0m10:03:26.881995 [debug] [MainThread]: Sending event: {'category': 'dbt', 'action': 'invocation', 'label': 'start', 'context': [<snowplow_tracker.self_describing_json.SelfDescribingJson object at 0x0000027EAFC576D0>, <snowplow_tracker.self_describing_json.SelfDescribingJson object at 0x0000027EB0F0CCD0>, <snowplow_tracker.self_describing_json.SelfDescribingJson object at 0x0000027EB0F0D5A0>]}


============================== 10:03:26.884540 | ca9596c9-b60e-4af6-9803-510f3d757d3b ==============================
[0m10:03:26.884540 [info ] [MainThread]: Running with dbt=1.11.6
[0m10:03:26.884540 [debug] [MainThread]: running dbt with arguments {'static_parser': 'True', 'no_print': 'None', 'version_check': 'True', 'warn_error_options': 'WarnErrorOptionsV2(error=[], warn=[], silence=[])', 'target_path': 'None', 'printer_width': '80', 'write_json': 'True', 'introspect': 'True', 'log_cache_events': 'False', 'empty': 'None', 'cache_selected_only': 'False', 'fail_fast': 'False', 'debug': 'False', 'log_format': 'default', 'profiles_dir': 'C:\\Users\\Alien\\.dbt', 'send_anonymous_usage_stats': 'True', 'quiet': 'False', 'warn_error': 'None', 'partial_parse': 'True', 'indirect_selection': 'eager', 'invocation_command': 'dbt clean', 'use_colors': 'True', 'use_experimental_parser': 'False', 'log_path': 'logs'}
[0m10:03:26.884540 [error] [MainThread]: Encountered an error:
Runtime Error
  No dbt_project.yml found at expected path D:\snowflake-incremental-pipeline\dbt_project.yml
  Verify that each entry within packages.yml (and their transitive dependencies) contains a file named dbt_project.yml
  
[0m10:03:26.892648 [debug] [MainThread]: Command `dbt clean` failed at 10:03:26.892648 after 0.14 seconds
[0m10:03:26.892648 [debug] [MainThread]: Sending event: {'category': 'dbt', 'action': 'invocation', 'label': 'end', 'context': [<snowplow_tracker.self_describing_json.SelfDescribingJson object at 0x0000027EAFC576D0>, <snowplow_tracker.self_describing_json.SelfDescribingJson object at 0x0000027EB0FAC640>, <snowplow_tracker.self_describing_json.SelfDescribingJson object at 0x0000027EB0FAC550>]}
[0m10:03:26.892648 [debug] [MainThread]: Flushing usage events
[0m10:03:28.556145 [debug] [MainThread]: An error was encountered while trying to flush usage events
